<?xml version="1.0" encoding="UTF-8"?>
<testng-results ignored="0" total="77" passed="76" failed="1" skipped="0">
  <reporter-output>
  </reporter-output>
  <suite started-at="2023-08-22T18:07:44 EDT" name="Default suite" finished-at="2023-08-22T18:14:55 EDT" duration-ms="431105">
    <groups>
      <group name="cucumber">
        <method signature="AbstractTestNGCucumberTests.runScenario(io.cucumber.testng.PickleWrapper,io.cucumber.testng.FeatureWrapper)[pri:0, instance:runner.TestRunner@50f6ac94]" name="runScenario" class="io.cucumber.testng.AbstractTestNGCucumberTests"/>
      </group> <!-- cucumber -->
    </groups>
    <test started-at="2023-08-22T18:07:44 EDT" name="Default test" finished-at="2023-08-22T18:14:55 EDT" duration-ms="431105">
      <class name="runner.TestRunner">
        <test-method is-config="true" signature="setUpClass(org.testng.ITestContext)[pri:0, instance:runner.TestRunner@50f6ac94]" started-at="2023-08-22T18:07:44 EDT" name="setUpClass" finished-at="2023-08-22T18:07:45 EDT" duration-ms="792" status="PASS">
          <params>
            <param index="0">
              <value>
                <![CDATA[org.testng.TestRunner@728a9b59]]>
              </value>
            </param>
          </params>
          <reporter-output>
          </reporter-output>
        </test-method> <!-- setUpClass -->
        <test-method signature="runScenario(io.cucumber.testng.PickleWrapper,io.cucumber.testng.FeatureWrapper)[pri:0, instance:runner.TestRunner@50f6ac94]" started-at="2023-08-22T18:07:45 EDT" name="runScenario" description="Runs Cucumber Scenarios" data-provider="scenarios" finished-at="2023-08-22T18:07:49 EDT" duration-ms="4555" status="PASS">
          <params>
            <param index="0">
              <value>
                <![CDATA["User enters arrays Page"]]>
              </value>
            </param>
            <param index="1">
              <value>
                <![CDATA["Array verification"]]>
              </value>
            </param>
          </params>
          <reporter-output>
          </reporter-output>
        </test-method> <!-- runScenario -->
        <test-method signature="runScenario(io.cucumber.testng.PickleWrapper,io.cucumber.testng.FeatureWrapper)[pri:0, instance:runner.TestRunner@50f6ac94]" started-at="2023-08-22T18:07:49 EDT" name="runScenario" description="Runs Cucumber Scenarios" data-provider="scenarios" finished-at="2023-08-22T18:07:55 EDT" duration-ms="5820" status="PASS">
          <params>
            <param index="0">
              <value>
                <![CDATA["TryEditor link with valid code  in each page"]]>
              </value>
            </param>
            <param index="1">
              <value>
                <![CDATA["Array verification"]]>
              </value>
            </param>
          </params>
          <reporter-output>
          </reporter-output>
        </test-method> <!-- runScenario -->
        <test-method signature="runScenario(io.cucumber.testng.PickleWrapper,io.cucumber.testng.FeatureWrapper)[pri:0, instance:runner.TestRunner@50f6ac94]" started-at="2023-08-22T18:07:55 EDT" name="runScenario" description="Runs Cucumber Scenarios" data-provider="scenarios" finished-at="2023-08-22T18:08:01 EDT" duration-ms="5665" status="PASS">
          <params>
            <param index="0">
              <value>
                <![CDATA["TryEditor link with valid code  in each page"]]>
              </value>
            </param>
            <param index="1">
              <value>
                <![CDATA["Array verification"]]>
              </value>
            </param>
          </params>
          <reporter-output>
          </reporter-output>
        </test-method> <!-- runScenario -->
        <test-method signature="runScenario(io.cucumber.testng.PickleWrapper,io.cucumber.testng.FeatureWrapper)[pri:0, instance:runner.TestRunner@50f6ac94]" started-at="2023-08-22T18:08:01 EDT" name="runScenario" description="Runs Cucumber Scenarios" data-provider="scenarios" finished-at="2023-08-22T18:08:07 EDT" duration-ms="5746" status="PASS">
          <params>
            <param index="0">
              <value>
                <![CDATA["TryEditor link with valid code  in each page"]]>
              </value>
            </param>
            <param index="1">
              <value>
                <![CDATA["Array verification"]]>
              </value>
            </param>
          </params>
          <reporter-output>
          </reporter-output>
        </test-method> <!-- runScenario -->
        <test-method signature="runScenario(io.cucumber.testng.PickleWrapper,io.cucumber.testng.FeatureWrapper)[pri:0, instance:runner.TestRunner@50f6ac94]" started-at="2023-08-22T18:08:07 EDT" name="runScenario" description="Runs Cucumber Scenarios" data-provider="scenarios" finished-at="2023-08-22T18:08:12 EDT" duration-ms="5640" status="PASS">
          <params>
            <param index="0">
              <value>
                <![CDATA["TryEditor link with valid code  in each page"]]>
              </value>
            </param>
            <param index="1">
              <value>
                <![CDATA["Array verification"]]>
              </value>
            </param>
          </params>
          <reporter-output>
          </reporter-output>
        </test-method> <!-- runScenario -->
        <test-method signature="runScenario(io.cucumber.testng.PickleWrapper,io.cucumber.testng.FeatureWrapper)[pri:0, instance:runner.TestRunner@50f6ac94]" started-at="2023-08-22T18:08:12 EDT" name="runScenario" description="Runs Cucumber Scenarios" data-provider="scenarios" finished-at="2023-08-22T18:08:18 EDT" duration-ms="5643" status="PASS">
          <params>
            <param index="0">
              <value>
                <![CDATA["TryEditor link with valid code  in each page"]]>
              </value>
            </param>
            <param index="1">
              <value>
                <![CDATA["Array verification"]]>
              </value>
            </param>
          </params>
          <reporter-output>
          </reporter-output>
        </test-method> <!-- runScenario -->
        <test-method signature="runScenario(io.cucumber.testng.PickleWrapper,io.cucumber.testng.FeatureWrapper)[pri:0, instance:runner.TestRunner@50f6ac94]" started-at="2023-08-22T18:08:18 EDT" name="runScenario" description="Runs Cucumber Scenarios" data-provider="scenarios" finished-at="2023-08-22T18:08:23 EDT" duration-ms="5171" status="PASS">
          <params>
            <param index="0">
              <value>
                <![CDATA["TryEditor link with valid code  in each page"]]>
              </value>
            </param>
            <param index="1">
              <value>
                <![CDATA["Array verification"]]>
              </value>
            </param>
          </params>
          <reporter-output>
          </reporter-output>
        </test-method> <!-- runScenario -->
        <test-method signature="runScenario(io.cucumber.testng.PickleWrapper,io.cucumber.testng.FeatureWrapper)[pri:0, instance:runner.TestRunner@50f6ac94]" started-at="2023-08-22T18:08:23 EDT" name="runScenario" description="Runs Cucumber Scenarios" data-provider="scenarios" finished-at="2023-08-22T18:08:29 EDT" duration-ms="5980" status="PASS">
          <params>
            <param index="0">
              <value>
                <![CDATA["TryEditor link with valid code  in each page"]]>
              </value>
            </param>
            <param index="1">
              <value>
                <![CDATA["Array verification"]]>
              </value>
            </param>
          </params>
          <reporter-output>
          </reporter-output>
        </test-method> <!-- runScenario -->
        <test-method signature="runScenario(io.cucumber.testng.PickleWrapper,io.cucumber.testng.FeatureWrapper)[pri:0, instance:runner.TestRunner@50f6ac94]" started-at="2023-08-22T18:08:29 EDT" name="runScenario" description="Runs Cucumber Scenarios" data-provider="scenarios" finished-at="2023-08-22T18:08:35 EDT" duration-ms="5513" status="PASS">
          <params>
            <param index="0">
              <value>
                <![CDATA["TryEditor link with valid code  in each page"]]>
              </value>
            </param>
            <param index="1">
              <value>
                <![CDATA["Array verification"]]>
              </value>
            </param>
          </params>
          <reporter-output>
          </reporter-output>
        </test-method> <!-- runScenario -->
        <test-method signature="runScenario(io.cucumber.testng.PickleWrapper,io.cucumber.testng.FeatureWrapper)[pri:0, instance:runner.TestRunner@50f6ac94]" started-at="2023-08-22T18:08:35 EDT" name="runScenario" description="Runs Cucumber Scenarios" data-provider="scenarios" finished-at="2023-08-22T18:08:50 EDT" duration-ms="15316" status="PASS">
          <params>
            <param index="0">
              <value>
                <![CDATA["TryEditor in each links with valid code"]]>
              </value>
            </param>
            <param index="1">
              <value>
                <![CDATA["Array verification"]]>
              </value>
            </param>
          </params>
          <reporter-output>
          </reporter-output>
        </test-method> <!-- runScenario -->
        <test-method signature="runScenario(io.cucumber.testng.PickleWrapper,io.cucumber.testng.FeatureWrapper)[pri:0, instance:runner.TestRunner@50f6ac94]" started-at="2023-08-22T18:08:50 EDT" name="runScenario" description="Runs Cucumber Scenarios" data-provider="scenarios" finished-at="2023-08-22T18:09:06 EDT" duration-ms="15583" status="PASS">
          <params>
            <param index="0">
              <value>
                <![CDATA["TryEditor in each links with valid code"]]>
              </value>
            </param>
            <param index="1">
              <value>
                <![CDATA["Array verification"]]>
              </value>
            </param>
          </params>
          <reporter-output>
          </reporter-output>
        </test-method> <!-- runScenario -->
        <test-method signature="runScenario(io.cucumber.testng.PickleWrapper,io.cucumber.testng.FeatureWrapper)[pri:0, instance:runner.TestRunner@50f6ac94]" started-at="2023-08-22T18:09:06 EDT" name="runScenario" description="Runs Cucumber Scenarios" data-provider="scenarios" finished-at="2023-08-22T18:09:21 EDT" duration-ms="15724" status="PASS">
          <params>
            <param index="0">
              <value>
                <![CDATA["TryEditor in each links with valid code"]]>
              </value>
            </param>
            <param index="1">
              <value>
                <![CDATA["Array verification"]]>
              </value>
            </param>
          </params>
          <reporter-output>
          </reporter-output>
        </test-method> <!-- runScenario -->
        <test-method signature="runScenario(io.cucumber.testng.PickleWrapper,io.cucumber.testng.FeatureWrapper)[pri:0, instance:runner.TestRunner@50f6ac94]" started-at="2023-08-22T18:09:21 EDT" name="runScenario" description="Runs Cucumber Scenarios" data-provider="scenarios" finished-at="2023-08-22T18:09:37 EDT" duration-ms="15860" status="PASS">
          <params>
            <param index="0">
              <value>
                <![CDATA["TryEditor in each links with valid code"]]>
              </value>
            </param>
            <param index="1">
              <value>
                <![CDATA["Array verification"]]>
              </value>
            </param>
          </params>
          <reporter-output>
          </reporter-output>
        </test-method> <!-- runScenario -->
        <test-method signature="runScenario(io.cucumber.testng.PickleWrapper,io.cucumber.testng.FeatureWrapper)[pri:0, instance:runner.TestRunner@50f6ac94]" started-at="2023-08-22T18:09:37 EDT" name="runScenario" description="Runs Cucumber Scenarios" data-provider="scenarios" finished-at="2023-08-22T18:09:53 EDT" duration-ms="15909" status="PASS">
          <params>
            <param index="0">
              <value>
                <![CDATA["TryEditor in each links with invalid code"]]>
              </value>
            </param>
            <param index="1">
              <value>
                <![CDATA["Array verification"]]>
              </value>
            </param>
          </params>
          <reporter-output>
          </reporter-output>
        </test-method> <!-- runScenario -->
        <test-method signature="runScenario(io.cucumber.testng.PickleWrapper,io.cucumber.testng.FeatureWrapper)[pri:0, instance:runner.TestRunner@50f6ac94]" started-at="2023-08-22T18:09:53 EDT" name="runScenario" description="Runs Cucumber Scenarios" data-provider="scenarios" finished-at="2023-08-22T18:10:08 EDT" duration-ms="15365" status="PASS">
          <params>
            <param index="0">
              <value>
                <![CDATA["TryEditor in each links with invalid code"]]>
              </value>
            </param>
            <param index="1">
              <value>
                <![CDATA["Array verification"]]>
              </value>
            </param>
          </params>
          <reporter-output>
          </reporter-output>
        </test-method> <!-- runScenario -->
        <test-method signature="runScenario(io.cucumber.testng.PickleWrapper,io.cucumber.testng.FeatureWrapper)[pri:0, instance:runner.TestRunner@50f6ac94]" started-at="2023-08-22T18:10:09 EDT" name="runScenario" description="Runs Cucumber Scenarios" data-provider="scenarios" finished-at="2023-08-22T18:10:24 EDT" duration-ms="15142" status="PASS">
          <params>
            <param index="0">
              <value>
                <![CDATA["TryEditor in each links with invalid code"]]>
              </value>
            </param>
            <param index="1">
              <value>
                <![CDATA["Array verification"]]>
              </value>
            </param>
          </params>
          <reporter-output>
          </reporter-output>
        </test-method> <!-- runScenario -->
        <test-method signature="runScenario(io.cucumber.testng.PickleWrapper,io.cucumber.testng.FeatureWrapper)[pri:0, instance:runner.TestRunner@50f6ac94]" started-at="2023-08-22T18:10:24 EDT" name="runScenario" description="Runs Cucumber Scenarios" data-provider="scenarios" finished-at="2023-08-22T18:10:39 EDT" duration-ms="15609" status="PASS">
          <params>
            <param index="0">
              <value>
                <![CDATA["TryEditor in each links with invalid code"]]>
              </value>
            </param>
            <param index="1">
              <value>
                <![CDATA["Array verification"]]>
              </value>
            </param>
          </params>
          <reporter-output>
          </reporter-output>
        </test-method> <!-- runScenario -->
        <test-method signature="runScenario(io.cucumber.testng.PickleWrapper,io.cucumber.testng.FeatureWrapper)[pri:0, instance:runner.TestRunner@50f6ac94]" started-at="2023-08-22T18:10:39 EDT" name="runScenario" description="Runs Cucumber Scenarios" data-provider="scenarios" finished-at="2023-08-22T18:10:45 EDT" duration-ms="6013" status="PASS">
          <params>
            <param index="0">
              <value>
                <![CDATA["practice link verification"]]>
              </value>
            </param>
            <param index="1">
              <value>
                <![CDATA["Array verification"]]>
              </value>
            </param>
          </params>
          <reporter-output>
          </reporter-output>
        </test-method> <!-- runScenario -->
        <test-method signature="runScenario(io.cucumber.testng.PickleWrapper,io.cucumber.testng.FeatureWrapper)[pri:0, instance:runner.TestRunner@50f6ac94]" started-at="2023-08-22T18:10:45 EDT" name="runScenario" description="Runs Cucumber Scenarios" data-provider="scenarios" finished-at="2023-08-22T18:10:51 EDT" duration-ms="5808" status="PASS">
          <params>
            <param index="0">
              <value>
                <![CDATA["practice link verification"]]>
              </value>
            </param>
            <param index="1">
              <value>
                <![CDATA["Array verification"]]>
              </value>
            </param>
          </params>
          <reporter-output>
          </reporter-output>
        </test-method> <!-- runScenario -->
        <test-method signature="runScenario(io.cucumber.testng.PickleWrapper,io.cucumber.testng.FeatureWrapper)[pri:0, instance:runner.TestRunner@50f6ac94]" started-at="2023-08-22T18:10:51 EDT" name="runScenario" description="Runs Cucumber Scenarios" data-provider="scenarios" finished-at="2023-08-22T18:10:57 EDT" duration-ms="6087" status="PASS">
          <params>
            <param index="0">
              <value>
                <![CDATA["practice link verification"]]>
              </value>
            </param>
            <param index="1">
              <value>
                <![CDATA["Array verification"]]>
              </value>
            </param>
          </params>
          <reporter-output>
          </reporter-output>
        </test-method> <!-- runScenario -->
        <test-method signature="runScenario(io.cucumber.testng.PickleWrapper,io.cucumber.testng.FeatureWrapper)[pri:0, instance:runner.TestRunner@50f6ac94]" started-at="2023-08-22T18:10:57 EDT" name="runScenario" description="Runs Cucumber Scenarios" data-provider="scenarios" finished-at="2023-08-22T18:11:02 EDT" duration-ms="5310" status="PASS">
          <params>
            <param index="0">
              <value>
                <![CDATA["practice link verification"]]>
              </value>
            </param>
            <param index="1">
              <value>
                <![CDATA["Array verification"]]>
              </value>
            </param>
          </params>
          <reporter-output>
          </reporter-output>
        </test-method> <!-- runScenario -->
        <test-method signature="runScenario(io.cucumber.testng.PickleWrapper,io.cucumber.testng.FeatureWrapper)[pri:0, instance:runner.TestRunner@50f6ac94]" started-at="2023-08-22T18:11:02 EDT" name="runScenario" description="Runs Cucumber Scenarios" data-provider="scenarios" finished-at="2023-08-22T18:11:09 EDT" duration-ms="6486" status="PASS">
          <params>
            <param index="0">
              <value>
                <![CDATA["practice link verification"]]>
              </value>
            </param>
            <param index="1">
              <value>
                <![CDATA["Array verification"]]>
              </value>
            </param>
          </params>
          <reporter-output>
          </reporter-output>
        </test-method> <!-- runScenario -->
        <test-method signature="runScenario(io.cucumber.testng.PickleWrapper,io.cucumber.testng.FeatureWrapper)[pri:0, instance:runner.TestRunner@50f6ac94]" started-at="2023-08-22T18:11:09 EDT" name="runScenario" description="Runs Cucumber Scenarios" data-provider="scenarios" finished-at="2023-08-22T18:11:15 EDT" duration-ms="5971" status="PASS">
          <params>
            <param index="0">
              <value>
                <![CDATA["practice link verification"]]>
              </value>
            </param>
            <param index="1">
              <value>
                <![CDATA["Array verification"]]>
              </value>
            </param>
          </params>
          <reporter-output>
          </reporter-output>
        </test-method> <!-- runScenario -->
        <test-method signature="runScenario(io.cucumber.testng.PickleWrapper,io.cucumber.testng.FeatureWrapper)[pri:0, instance:runner.TestRunner@50f6ac94]" started-at="2023-08-22T18:11:15 EDT" name="runScenario" description="Runs Cucumber Scenarios" data-provider="scenarios" finished-at="2023-08-22T18:11:21 EDT" duration-ms="5982" status="PASS">
          <params>
            <param index="0">
              <value>
                <![CDATA["practice link verification"]]>
              </value>
            </param>
            <param index="1">
              <value>
                <![CDATA["Array verification"]]>
              </value>
            </param>
          </params>
          <reporter-output>
          </reporter-output>
        </test-method> <!-- runScenario -->
        <test-method signature="runScenario(io.cucumber.testng.PickleWrapper,io.cucumber.testng.FeatureWrapper)[pri:0, instance:runner.TestRunner@50f6ac94]" started-at="2023-08-22T18:11:21 EDT" name="runScenario" description="Runs Cucumber Scenarios" data-provider="scenarios" finished-at="2023-08-22T18:11:27 EDT" duration-ms="6443" status="PASS">
          <params>
            <param index="0">
              <value>
                <![CDATA["practice link verification"]]>
              </value>
            </param>
            <param index="1">
              <value>
                <![CDATA["Array verification"]]>
              </value>
            </param>
          </params>
          <reporter-output>
          </reporter-output>
        </test-method> <!-- runScenario -->
        <test-method signature="runScenario(io.cucumber.testng.PickleWrapper,io.cucumber.testng.FeatureWrapper)[pri:0, instance:runner.TestRunner@50f6ac94]" started-at="2023-08-22T18:11:27 EDT" name="runScenario" description="Runs Cucumber Scenarios" data-provider="scenarios" finished-at="2023-08-22T18:11:33 EDT" duration-ms="5653" status="PASS">
          <params>
            <param index="0">
              <value>
                <![CDATA["practice link verification"]]>
              </value>
            </param>
            <param index="1">
              <value>
                <![CDATA["Array verification"]]>
              </value>
            </param>
          </params>
          <reporter-output>
          </reporter-output>
        </test-method> <!-- runScenario -->
        <test-method signature="runScenario(io.cucumber.testng.PickleWrapper,io.cucumber.testng.FeatureWrapper)[pri:0, instance:runner.TestRunner@50f6ac94]" started-at="2023-08-22T18:11:33 EDT" name="runScenario" description="Runs Cucumber Scenarios" data-provider="scenarios" finished-at="2023-08-22T18:11:36 EDT" duration-ms="3073" status="PASS">
          <params>
            <param index="0">
              <value>
                <![CDATA["User enters Data Structure Page"]]>
              </value>
            </param>
            <param index="1">
              <value>
                <![CDATA["Feature for DataStructures Validation"]]>
              </value>
            </param>
          </params>
          <reporter-output>
          </reporter-output>
        </test-method> <!-- runScenario -->
        <test-method signature="runScenario(io.cucumber.testng.PickleWrapper,io.cucumber.testng.FeatureWrapper)[pri:0, instance:runner.TestRunner@50f6ac94]" started-at="2023-08-22T18:11:36 EDT" name="runScenario" description="Runs Cucumber Scenarios" data-provider="scenarios" finished-at="2023-08-22T18:11:42 EDT" duration-ms="5385" status="PASS">
          <params>
            <param index="0">
              <value>
                <![CDATA["TryEditor verification in each page for valid code"]]>
              </value>
            </param>
            <param index="1">
              <value>
                <![CDATA["Feature for DataStructures Validation"]]>
              </value>
            </param>
          </params>
          <reporter-output>
          </reporter-output>
        </test-method> <!-- runScenario -->
        <test-method signature="runScenario(io.cucumber.testng.PickleWrapper,io.cucumber.testng.FeatureWrapper)[pri:0, instance:runner.TestRunner@50f6ac94]" started-at="2023-08-22T18:11:42 EDT" name="runScenario" description="Runs Cucumber Scenarios" data-provider="scenarios" finished-at="2023-08-22T18:11:46 EDT" duration-ms="4763" status="PASS">
          <params>
            <param index="0">
              <value>
                <![CDATA["TryEditor verification in each page for invalid code"]]>
              </value>
            </param>
            <param index="1">
              <value>
                <![CDATA["Feature for DataStructures Validation"]]>
              </value>
            </param>
          </params>
          <reporter-output>
          </reporter-output>
        </test-method> <!-- runScenario -->
        <test-method signature="runScenario(io.cucumber.testng.PickleWrapper,io.cucumber.testng.FeatureWrapper)[pri:0, instance:runner.TestRunner@50f6ac94]" started-at="2023-08-22T18:11:46 EDT" name="runScenario" description="Runs Cucumber Scenarios" data-provider="scenarios" finished-at="2023-08-22T18:11:52 EDT" duration-ms="5703" status="PASS">
          <params>
            <param index="0">
              <value>
                <![CDATA["TryEditor in each links for valid code"]]>
              </value>
            </param>
            <param index="1">
              <value>
                <![CDATA["Feature for DataStructures Validation"]]>
              </value>
            </param>
          </params>
          <reporter-output>
          </reporter-output>
        </test-method> <!-- runScenario -->
        <test-method signature="runScenario(io.cucumber.testng.PickleWrapper,io.cucumber.testng.FeatureWrapper)[pri:0, instance:runner.TestRunner@50f6ac94]" started-at="2023-08-22T18:11:52 EDT" name="runScenario" description="Runs Cucumber Scenarios" data-provider="scenarios" finished-at="2023-08-22T18:11:58 EDT" duration-ms="5915" status="PASS">
          <params>
            <param index="0">
              <value>
                <![CDATA["TryEditor in each links for invalid code"]]>
              </value>
            </param>
            <param index="1">
              <value>
                <![CDATA["Feature for DataStructures Validation"]]>
              </value>
            </param>
          </params>
          <reporter-output>
          </reporter-output>
        </test-method> <!-- runScenario -->
        <test-method signature="runScenario(io.cucumber.testng.PickleWrapper,io.cucumber.testng.FeatureWrapper)[pri:0, instance:runner.TestRunner@50f6ac94]" started-at="2023-08-22T18:11:58 EDT" name="runScenario" description="Runs Cucumber Scenarios" data-provider="scenarios" finished-at="2023-08-22T18:12:01 EDT" duration-ms="3445" status="PASS">
          <params>
            <param index="0">
              <value>
                <![CDATA["Practice questions validation"]]>
              </value>
            </param>
            <param index="1">
              <value>
                <![CDATA["Feature for DataStructures Validation"]]>
              </value>
            </param>
          </params>
          <reporter-output>
          </reporter-output>
        </test-method> <!-- runScenario -->
        <test-method signature="runScenario(io.cucumber.testng.PickleWrapper,io.cucumber.testng.FeatureWrapper)[pri:0, instance:runner.TestRunner@50f6ac94]" started-at="2023-08-22T18:12:01 EDT" name="runScenario" description="Runs Cucumber Scenarios" data-provider="scenarios" finished-at="2023-08-22T18:12:04 EDT" duration-ms="2600" status="PASS">
          <params>
            <param index="0">
              <value>
                <![CDATA["User is able to navigate to Queue using dropdown option"]]>
              </value>
            </param>
            <param index="1">
              <value>
                <![CDATA["Queue Page"]]>
              </value>
            </param>
          </params>
          <reporter-output>
          </reporter-output>
        </test-method> <!-- runScenario -->
        <test-method signature="runScenario(io.cucumber.testng.PickleWrapper,io.cucumber.testng.FeatureWrapper)[pri:0, instance:runner.TestRunner@50f6ac94]" started-at="2023-08-22T18:12:04 EDT" name="runScenario" description="Runs Cucumber Scenarios" data-provider="scenarios" finished-at="2023-08-22T18:12:07 EDT" duration-ms="2577" status="PASS">
          <params>
            <param index="0">
              <value>
                <![CDATA["User is able to navigate to Queue using Get Strated option"]]>
              </value>
            </param>
            <param index="1">
              <value>
                <![CDATA["Queue Page"]]>
              </value>
            </param>
          </params>
          <reporter-output>
          </reporter-output>
        </test-method> <!-- runScenario -->
        <test-method signature="runScenario(io.cucumber.testng.PickleWrapper,io.cucumber.testng.FeatureWrapper)[pri:0, instance:runner.TestRunner@50f6ac94]" started-at="2023-08-22T18:12:07 EDT" name="runScenario" description="Runs Cucumber Scenarios" data-provider="scenarios" finished-at="2023-08-22T18:12:17 EDT" duration-ms="9959" status="PASS">
          <params>
            <param index="0">
              <value>
                <![CDATA["User is able to try code in Queue page"]]>
              </value>
            </param>
            <param index="1">
              <value>
                <![CDATA["Queue Page"]]>
              </value>
            </param>
          </params>
          <reporter-output>
          </reporter-output>
        </test-method> <!-- runScenario -->
        <test-method signature="runScenario(io.cucumber.testng.PickleWrapper,io.cucumber.testng.FeatureWrapper)[pri:0, instance:runner.TestRunner@50f6ac94]" started-at="2023-08-22T18:12:17 EDT" name="runScenario" description="Runs Cucumber Scenarios" data-provider="scenarios" finished-at="2023-08-22T18:12:19 EDT" duration-ms="2079" status="PASS">
          <params>
            <param index="0">
              <value>
                <![CDATA["User is able to practice questions in Queue page"]]>
              </value>
            </param>
            <param index="1">
              <value>
                <![CDATA["Queue Page"]]>
              </value>
            </param>
          </params>
          <reporter-output>
          </reporter-output>
        </test-method> <!-- runScenario -->
        <test-method signature="runScenario(io.cucumber.testng.PickleWrapper,io.cucumber.testng.FeatureWrapper)[pri:0, instance:runner.TestRunner@50f6ac94]" started-at="2023-08-22T18:12:19 EDT" name="runScenario" description="Runs Cucumber Scenarios" data-provider="scenarios" finished-at="2023-08-22T18:12:21 EDT" duration-ms="2607" status="PASS">
          <params>
            <param index="0">
              <value>
                <![CDATA["User is able to navigate to Stack using dropdown option"]]>
              </value>
            </param>
            <param index="1">
              <value>
                <![CDATA["Stack Page"]]>
              </value>
            </param>
          </params>
          <reporter-output>
          </reporter-output>
        </test-method> <!-- runScenario -->
        <test-method signature="runScenario(io.cucumber.testng.PickleWrapper,io.cucumber.testng.FeatureWrapper)[pri:0, instance:runner.TestRunner@50f6ac94]" started-at="2023-08-22T18:12:21 EDT" name="runScenario" description="Runs Cucumber Scenarios" data-provider="scenarios" finished-at="2023-08-22T18:12:24 EDT" duration-ms="2533" status="PASS">
          <params>
            <param index="0">
              <value>
                <![CDATA["User is able to navigate to Stack using Get Strated option"]]>
              </value>
            </param>
            <param index="1">
              <value>
                <![CDATA["Stack Page"]]>
              </value>
            </param>
          </params>
          <reporter-output>
          </reporter-output>
        </test-method> <!-- runScenario -->
        <test-method signature="runScenario(io.cucumber.testng.PickleWrapper,io.cucumber.testng.FeatureWrapper)[pri:0, instance:runner.TestRunner@50f6ac94]" started-at="2023-08-22T18:12:24 EDT" name="runScenario" description="Runs Cucumber Scenarios" data-provider="scenarios" finished-at="2023-08-22T18:12:32 EDT" duration-ms="8353" status="PASS">
          <params>
            <param index="0">
              <value>
                <![CDATA["User is able to try code in Stack page"]]>
              </value>
            </param>
            <param index="1">
              <value>
                <![CDATA["Stack Page"]]>
              </value>
            </param>
          </params>
          <reporter-output>
          </reporter-output>
        </test-method> <!-- runScenario -->
        <test-method signature="runScenario(io.cucumber.testng.PickleWrapper,io.cucumber.testng.FeatureWrapper)[pri:0, instance:runner.TestRunner@50f6ac94]" started-at="2023-08-22T18:12:32 EDT" name="runScenario" description="Runs Cucumber Scenarios" data-provider="scenarios" finished-at="2023-08-22T18:12:34 EDT" duration-ms="2093" status="PASS">
          <params>
            <param index="0">
              <value>
                <![CDATA["User is able to practice questions in Stack page"]]>
              </value>
            </param>
            <param index="1">
              <value>
                <![CDATA["Stack Page"]]>
              </value>
            </param>
          </params>
          <reporter-output>
          </reporter-output>
        </test-method> <!-- runScenario -->
        <test-method signature="runScenario(io.cucumber.testng.PickleWrapper,io.cucumber.testng.FeatureWrapper)[pri:0, instance:runner.TestRunner@50f6ac94]" started-at="2023-08-22T18:12:34 EDT" name="runScenario" description="Runs Cucumber Scenarios" data-provider="scenarios" finished-at="2023-08-22T18:12:37 EDT" duration-ms="2635" status="PASS">
          <params>
            <param index="0">
              <value>
                <![CDATA["User is able to navigate to Graph using dropdown option"]]>
              </value>
            </param>
            <param index="1">
              <value>
                <![CDATA["Graph Page"]]>
              </value>
            </param>
          </params>
          <reporter-output>
          </reporter-output>
        </test-method> <!-- runScenario -->
        <test-method signature="runScenario(io.cucumber.testng.PickleWrapper,io.cucumber.testng.FeatureWrapper)[pri:0, instance:runner.TestRunner@50f6ac94]" started-at="2023-08-22T18:12:37 EDT" name="runScenario" description="Runs Cucumber Scenarios" data-provider="scenarios" finished-at="2023-08-22T18:12:39 EDT" duration-ms="2520" status="PASS">
          <params>
            <param index="0">
              <value>
                <![CDATA["User is able to navigate to Graph using Get Strated option"]]>
              </value>
            </param>
            <param index="1">
              <value>
                <![CDATA["Graph Page"]]>
              </value>
            </param>
          </params>
          <reporter-output>
          </reporter-output>
        </test-method> <!-- runScenario -->
        <test-method signature="runScenario(io.cucumber.testng.PickleWrapper,io.cucumber.testng.FeatureWrapper)[pri:0, instance:runner.TestRunner@50f6ac94]" started-at="2023-08-22T18:12:39 EDT" name="runScenario" description="Runs Cucumber Scenarios" data-provider="scenarios" finished-at="2023-08-22T18:12:46 EDT" duration-ms="6608" status="PASS">
          <params>
            <param index="0">
              <value>
                <![CDATA["User is able to try code in Graph page"]]>
              </value>
            </param>
            <param index="1">
              <value>
                <![CDATA["Graph Page"]]>
              </value>
            </param>
          </params>
          <reporter-output>
          </reporter-output>
        </test-method> <!-- runScenario -->
        <test-method signature="runScenario(io.cucumber.testng.PickleWrapper,io.cucumber.testng.FeatureWrapper)[pri:0, instance:runner.TestRunner@50f6ac94]" started-at="2023-08-22T18:12:46 EDT" name="runScenario" description="Runs Cucumber Scenarios" data-provider="scenarios" finished-at="2023-08-22T18:12:48 EDT" duration-ms="2147" status="PASS">
          <params>
            <param index="0">
              <value>
                <![CDATA["User is able to practice questions in Graph page"]]>
              </value>
            </param>
            <param index="1">
              <value>
                <![CDATA["Graph Page"]]>
              </value>
            </param>
          </params>
          <reporter-output>
          </reporter-output>
        </test-method> <!-- runScenario -->
        <test-method signature="runScenario(io.cucumber.testng.PickleWrapper,io.cucumber.testng.FeatureWrapper)[pri:0, instance:runner.TestRunner@50f6ac94]" started-at="2023-08-22T18:12:48 EDT" name="runScenario" description="Runs Cucumber Scenarios" data-provider="scenarios" finished-at="2023-08-22T18:12:50 EDT" duration-ms="1879" status="PASS">
          <params>
            <param index="0">
              <value>
                <![CDATA["Home Page URL"]]>
              </value>
            </param>
            <param index="1">
              <value>
                <![CDATA["Home Page feature validation"]]>
              </value>
            </param>
          </params>
          <reporter-output>
          </reporter-output>
        </test-method> <!-- runScenario -->
        <test-method signature="runScenario(io.cucumber.testng.PickleWrapper,io.cucumber.testng.FeatureWrapper)[pri:0, instance:runner.TestRunner@50f6ac94]" started-at="2023-08-22T18:12:50 EDT" name="runScenario" description="Runs Cucumber Scenarios" data-provider="scenarios" finished-at="2023-08-22T18:12:52 EDT" duration-ms="1929" status="PASS">
          <params>
            <param index="0">
              <value>
                <![CDATA["Content in Home Page"]]>
              </value>
            </param>
            <param index="1">
              <value>
                <![CDATA["Home Page feature validation"]]>
              </value>
            </param>
          </params>
          <reporter-output>
          </reporter-output>
        </test-method> <!-- runScenario -->
        <test-method signature="runScenario(io.cucumber.testng.PickleWrapper,io.cucumber.testng.FeatureWrapper)[pri:0, instance:runner.TestRunner@50f6ac94]" started-at="2023-08-22T18:12:52 EDT" name="runScenario" description="Runs Cucumber Scenarios" data-provider="scenarios" finished-at="2023-08-22T18:12:54 EDT" duration-ms="2434" status="PASS">
          <params>
            <param index="0">
              <value>
                <![CDATA["Content in Home Page dropdown"]]>
              </value>
            </param>
            <param index="1">
              <value>
                <![CDATA["Home Page feature validation"]]>
              </value>
            </param>
          </params>
          <reporter-output>
          </reporter-output>
        </test-method> <!-- runScenario -->
        <test-method signature="runScenario(io.cucumber.testng.PickleWrapper,io.cucumber.testng.FeatureWrapper)[pri:0, instance:runner.TestRunner@50f6ac94]" started-at="2023-08-22T18:12:54 EDT" name="runScenario" description="Runs Cucumber Scenarios" data-provider="scenarios" finished-at="2023-08-22T18:12:57 EDT" duration-ms="2462" status="PASS">
          <params>
            <param index="0">
              <value>
                <![CDATA["Drop down selection without login"]]>
              </value>
            </param>
            <param index="1">
              <value>
                <![CDATA["Home Page feature validation"]]>
              </value>
            </param>
          </params>
          <reporter-output>
          </reporter-output>
        </test-method> <!-- runScenario -->
        <test-method signature="runScenario(io.cucumber.testng.PickleWrapper,io.cucumber.testng.FeatureWrapper)[pri:0, instance:runner.TestRunner@50f6ac94]" started-at="2023-08-22T18:12:57 EDT" name="runScenario" description="Runs Cucumber Scenarios" data-provider="scenarios" finished-at="2023-08-22T18:12:59 EDT" duration-ms="2558" status="PASS">
          <params>
            <param index="0">
              <value>
                <![CDATA["Drop down selection without login"]]>
              </value>
            </param>
            <param index="1">
              <value>
                <![CDATA["Home Page feature validation"]]>
              </value>
            </param>
          </params>
          <reporter-output>
          </reporter-output>
        </test-method> <!-- runScenario -->
        <test-method signature="runScenario(io.cucumber.testng.PickleWrapper,io.cucumber.testng.FeatureWrapper)[pri:0, instance:runner.TestRunner@50f6ac94]" started-at="2023-08-22T18:12:59 EDT" name="runScenario" description="Runs Cucumber Scenarios" data-provider="scenarios" finished-at="2023-08-22T18:13:02 EDT" duration-ms="2454" status="PASS">
          <params>
            <param index="0">
              <value>
                <![CDATA["Drop down selection without login"]]>
              </value>
            </param>
            <param index="1">
              <value>
                <![CDATA["Home Page feature validation"]]>
              </value>
            </param>
          </params>
          <reporter-output>
          </reporter-output>
        </test-method> <!-- runScenario -->
        <test-method signature="runScenario(io.cucumber.testng.PickleWrapper,io.cucumber.testng.FeatureWrapper)[pri:0, instance:runner.TestRunner@50f6ac94]" started-at="2023-08-22T18:13:02 EDT" name="runScenario" description="Runs Cucumber Scenarios" data-provider="scenarios" finished-at="2023-08-22T18:13:04 EDT" duration-ms="2353" status="PASS">
          <params>
            <param index="0">
              <value>
                <![CDATA["Drop down selection without login"]]>
              </value>
            </param>
            <param index="1">
              <value>
                <![CDATA["Home Page feature validation"]]>
              </value>
            </param>
          </params>
          <reporter-output>
          </reporter-output>
        </test-method> <!-- runScenario -->
        <test-method signature="runScenario(io.cucumber.testng.PickleWrapper,io.cucumber.testng.FeatureWrapper)[pri:0, instance:runner.TestRunner@50f6ac94]" started-at="2023-08-22T18:13:04 EDT" name="runScenario" description="Runs Cucumber Scenarios" data-provider="scenarios" finished-at="2023-08-22T18:13:07 EDT" duration-ms="2431" status="PASS">
          <params>
            <param index="0">
              <value>
                <![CDATA["Drop down selection without login"]]>
              </value>
            </param>
            <param index="1">
              <value>
                <![CDATA["Home Page feature validation"]]>
              </value>
            </param>
          </params>
          <reporter-output>
          </reporter-output>
        </test-method> <!-- runScenario -->
        <test-method signature="runScenario(io.cucumber.testng.PickleWrapper,io.cucumber.testng.FeatureWrapper)[pri:0, instance:runner.TestRunner@50f6ac94]" started-at="2023-08-22T18:13:07 EDT" name="runScenario" description="Runs Cucumber Scenarios" data-provider="scenarios" finished-at="2023-08-22T18:13:09 EDT" duration-ms="2360" status="PASS">
          <params>
            <param index="0">
              <value>
                <![CDATA["Drop down selection without login"]]>
              </value>
            </param>
            <param index="1">
              <value>
                <![CDATA["Home Page feature validation"]]>
              </value>
            </param>
          </params>
          <reporter-output>
          </reporter-output>
        </test-method> <!-- runScenario -->
        <test-method signature="runScenario(io.cucumber.testng.PickleWrapper,io.cucumber.testng.FeatureWrapper)[pri:0, instance:runner.TestRunner@50f6ac94]" started-at="2023-08-22T18:13:09 EDT" name="runScenario" description="Runs Cucumber Scenarios" data-provider="scenarios" finished-at="2023-08-22T18:13:11 EDT" duration-ms="2407" status="PASS">
          <params>
            <param index="0">
              <value>
                <![CDATA["Get started button clicked without login"]]>
              </value>
            </param>
            <param index="1">
              <value>
                <![CDATA["Home Page feature validation"]]>
              </value>
            </param>
          </params>
          <reporter-output>
          </reporter-output>
        </test-method> <!-- runScenario -->
        <test-method signature="runScenario(io.cucumber.testng.PickleWrapper,io.cucumber.testng.FeatureWrapper)[pri:0, instance:runner.TestRunner@50f6ac94]" started-at="2023-08-22T18:13:11 EDT" name="runScenario" description="Runs Cucumber Scenarios" data-provider="scenarios" finished-at="2023-08-22T18:13:14 EDT" duration-ms="2222" status="PASS">
          <params>
            <param index="0">
              <value>
                <![CDATA["Get started button clicked without login"]]>
              </value>
            </param>
            <param index="1">
              <value>
                <![CDATA["Home Page feature validation"]]>
              </value>
            </param>
          </params>
          <reporter-output>
          </reporter-output>
        </test-method> <!-- runScenario -->
        <test-method signature="runScenario(io.cucumber.testng.PickleWrapper,io.cucumber.testng.FeatureWrapper)[pri:0, instance:runner.TestRunner@50f6ac94]" started-at="2023-08-22T18:13:14 EDT" name="runScenario" description="Runs Cucumber Scenarios" data-provider="scenarios" finished-at="2023-08-22T18:13:16 EDT" duration-ms="2206" status="PASS">
          <params>
            <param index="0">
              <value>
                <![CDATA["Get started button clicked without login"]]>
              </value>
            </param>
            <param index="1">
              <value>
                <![CDATA["Home Page feature validation"]]>
              </value>
            </param>
          </params>
          <reporter-output>
          </reporter-output>
        </test-method> <!-- runScenario -->
        <test-method signature="runScenario(io.cucumber.testng.PickleWrapper,io.cucumber.testng.FeatureWrapper)[pri:0, instance:runner.TestRunner@50f6ac94]" started-at="2023-08-22T18:13:16 EDT" name="runScenario" description="Runs Cucumber Scenarios" data-provider="scenarios" finished-at="2023-08-22T18:13:18 EDT" duration-ms="2142" status="PASS">
          <params>
            <param index="0">
              <value>
                <![CDATA["Get started button clicked without login"]]>
              </value>
            </param>
            <param index="1">
              <value>
                <![CDATA["Home Page feature validation"]]>
              </value>
            </param>
          </params>
          <reporter-output>
          </reporter-output>
        </test-method> <!-- runScenario -->
        <test-method signature="runScenario(io.cucumber.testng.PickleWrapper,io.cucumber.testng.FeatureWrapper)[pri:0, instance:runner.TestRunner@50f6ac94]" started-at="2023-08-22T18:13:18 EDT" name="runScenario" description="Runs Cucumber Scenarios" data-provider="scenarios" finished-at="2023-08-22T18:13:20 EDT" duration-ms="2267" status="PASS">
          <params>
            <param index="0">
              <value>
                <![CDATA["Get started button clicked without login"]]>
              </value>
            </param>
            <param index="1">
              <value>
                <![CDATA["Home Page feature validation"]]>
              </value>
            </param>
          </params>
          <reporter-output>
          </reporter-output>
        </test-method> <!-- runScenario -->
        <test-method signature="runScenario(io.cucumber.testng.PickleWrapper,io.cucumber.testng.FeatureWrapper)[pri:0, instance:runner.TestRunner@50f6ac94]" started-at="2023-08-22T18:13:20 EDT" name="runScenario" description="Runs Cucumber Scenarios" data-provider="scenarios" finished-at="2023-08-22T18:13:23 EDT" duration-ms="2270" status="PASS">
          <params>
            <param index="0">
              <value>
                <![CDATA["Get started button clicked without login"]]>
              </value>
            </param>
            <param index="1">
              <value>
                <![CDATA["Home Page feature validation"]]>
              </value>
            </param>
          </params>
          <reporter-output>
          </reporter-output>
        </test-method> <!-- runScenario -->
        <test-method signature="runScenario(io.cucumber.testng.PickleWrapper,io.cucumber.testng.FeatureWrapper)[pri:0, instance:runner.TestRunner@50f6ac94]" started-at="2023-08-22T18:13:23 EDT" name="runScenario" description="Runs Cucumber Scenarios" data-provider="scenarios" finished-at="2023-08-22T18:13:25 EDT" duration-ms="2220" status="PASS">
          <params>
            <param index="0">
              <value>
                <![CDATA["Get started button clicked without login"]]>
              </value>
            </param>
            <param index="1">
              <value>
                <![CDATA["Home Page feature validation"]]>
              </value>
            </param>
          </params>
          <reporter-output>
          </reporter-output>
        </test-method> <!-- runScenario -->
        <test-method signature="runScenario(io.cucumber.testng.PickleWrapper,io.cucumber.testng.FeatureWrapper)[pri:0, instance:runner.TestRunner@50f6ac94]" started-at="2023-08-22T18:13:25 EDT" name="runScenario" description="Runs Cucumber Scenarios" data-provider="scenarios" finished-at="2023-08-22T18:13:27 EDT" duration-ms="1993" status="PASS">
          <params>
            <param index="0">
              <value>
                <![CDATA["Register Page Navigation"]]>
              </value>
            </param>
            <param index="1">
              <value>
                <![CDATA["Home Page feature validation"]]>
              </value>
            </param>
          </params>
          <reporter-output>
          </reporter-output>
        </test-method> <!-- runScenario -->
        <test-method signature="runScenario(io.cucumber.testng.PickleWrapper,io.cucumber.testng.FeatureWrapper)[pri:0, instance:runner.TestRunner@50f6ac94]" started-at="2023-08-22T18:13:27 EDT" name="runScenario" description="Runs Cucumber Scenarios" data-provider="scenarios" finished-at="2023-08-22T18:13:29 EDT" duration-ms="2099" status="PASS">
          <params>
            <param index="0">
              <value>
                <![CDATA["Sign in Page Navigation"]]>
              </value>
            </param>
            <param index="1">
              <value>
                <![CDATA["Home Page feature validation"]]>
              </value>
            </param>
          </params>
          <reporter-output>
          </reporter-output>
        </test-method> <!-- runScenario -->
        <test-method signature="runScenario(io.cucumber.testng.PickleWrapper,io.cucumber.testng.FeatureWrapper)[pri:0, instance:runner.TestRunner@50f6ac94]" started-at="2023-08-22T18:13:29 EDT" name="runScenario" description="Runs Cucumber Scenarios" data-provider="scenarios" finished-at="2023-08-22T18:13:32 EDT" duration-ms="2826" status="PASS">
          <params>
            <param index="0">
              <value>
                <![CDATA["User is able to navigate to Linked List using dropdown option"]]>
              </value>
            </param>
            <param index="1">
              <value>
                <![CDATA["Linked List Page"]]>
              </value>
            </param>
          </params>
          <reporter-output>
          </reporter-output>
        </test-method> <!-- runScenario -->
        <test-method signature="runScenario(io.cucumber.testng.PickleWrapper,io.cucumber.testng.FeatureWrapper)[pri:0, instance:runner.TestRunner@50f6ac94]" started-at="2023-08-22T18:13:32 EDT" name="runScenario" description="Runs Cucumber Scenarios" data-provider="scenarios" finished-at="2023-08-22T18:13:34 EDT" duration-ms="2764" status="PASS">
          <params>
            <param index="0">
              <value>
                <![CDATA["User is able to navigate to Linked List using Get Strated option"]]>
              </value>
            </param>
            <param index="1">
              <value>
                <![CDATA["Linked List Page"]]>
              </value>
            </param>
          </params>
          <reporter-output>
          </reporter-output>
        </test-method> <!-- runScenario -->
        <test-method signature="runScenario(io.cucumber.testng.PickleWrapper,io.cucumber.testng.FeatureWrapper)[pri:0, instance:runner.TestRunner@50f6ac94]" started-at="2023-08-22T18:13:34 EDT" name="runScenario" description="Runs Cucumber Scenarios" data-provider="scenarios" finished-at="2023-08-22T18:13:50 EDT" duration-ms="16001" status="PASS">
          <params>
            <param index="0">
              <value>
                <![CDATA["User is able to try code in Linked list page"]]>
              </value>
            </param>
            <param index="1">
              <value>
                <![CDATA["Linked List Page"]]>
              </value>
            </param>
          </params>
          <reporter-output>
          </reporter-output>
        </test-method> <!-- runScenario -->
        <test-method signature="runScenario(io.cucumber.testng.PickleWrapper,io.cucumber.testng.FeatureWrapper)[pri:0, instance:runner.TestRunner@50f6ac94]" started-at="2023-08-22T18:13:50 EDT" name="runScenario" description="Runs Cucumber Scenarios" data-provider="scenarios" finished-at="2023-08-22T18:13:53 EDT" duration-ms="2113" status="PASS">
          <params>
            <param index="0">
              <value>
                <![CDATA["User is able to practice questions in Linked list page"]]>
              </value>
            </param>
            <param index="1">
              <value>
                <![CDATA["Linked List Page"]]>
              </value>
            </param>
          </params>
          <reporter-output>
          </reporter-output>
        </test-method> <!-- runScenario -->
        <test-method signature="runScenario(io.cucumber.testng.PickleWrapper,io.cucumber.testng.FeatureWrapper)[pri:0, instance:runner.TestRunner@50f6ac94]" started-at="2023-08-22T18:13:53 EDT" name="runScenario" description="Runs Cucumber Scenarios" data-provider="scenarios" finished-at="2023-08-22T18:13:55 EDT" duration-ms="2235" status="PASS">
          <params>
            <param index="0">
              <value>
                <![CDATA["Register link validation from Sign in page"]]>
              </value>
            </param>
            <param index="1">
              <value>
                <![CDATA["Login feature validation"]]>
              </value>
            </param>
          </params>
          <reporter-output>
          </reporter-output>
        </test-method> <!-- runScenario -->
        <test-method signature="runScenario(io.cucumber.testng.PickleWrapper,io.cucumber.testng.FeatureWrapper)[pri:0, instance:runner.TestRunner@50f6ac94]" started-at="2023-08-22T18:13:55 EDT" name="runScenario" description="Runs Cucumber Scenarios" data-provider="scenarios" finished-at="2023-08-22T18:13:58 EDT" duration-ms="2799" status="PASS">
          <params>
            <param index="0">
              <value>
                <![CDATA["User enters invalid username"]]>
              </value>
            </param>
            <param index="1">
              <value>
                <![CDATA["Login feature validation"]]>
              </value>
            </param>
          </params>
          <reporter-output>
          </reporter-output>
        </test-method> <!-- runScenario -->
        <test-method signature="runScenario(io.cucumber.testng.PickleWrapper,io.cucumber.testng.FeatureWrapper)[pri:0, instance:runner.TestRunner@50f6ac94]" started-at="2023-08-22T18:13:58 EDT" name="runScenario" description="Runs Cucumber Scenarios" data-provider="scenarios" finished-at="2023-08-22T18:14:00 EDT" duration-ms="2435" status="PASS">
          <params>
            <param index="0">
              <value>
                <![CDATA["User enters invalid username from excel"]]>
              </value>
            </param>
            <param index="1">
              <value>
                <![CDATA["Login feature validation"]]>
              </value>
            </param>
          </params>
          <reporter-output>
          </reporter-output>
        </test-method> <!-- runScenario -->
        <test-method signature="runScenario(io.cucumber.testng.PickleWrapper,io.cucumber.testng.FeatureWrapper)[pri:0, instance:runner.TestRunner@50f6ac94]" started-at="2023-08-22T18:14:00 EDT" name="runScenario" description="Runs Cucumber Scenarios" data-provider="scenarios" finished-at="2023-08-22T18:14:03 EDT" duration-ms="2649" status="FAIL">
          <params>
            <param index="0">
              <value>
                <![CDATA["Successful registration"]]>
              </value>
            </param>
            <param index="1">
              <value>
                <![CDATA["Register User to dsportal app"]]>
              </value>
            </param>
          </params>
          <exception class="java.lang.AssertionError">
            <message>
              <![CDATA[expected [https://dsportalapp.herokuapp.com/home] but found [https://dsportalapp.herokuapp.com/register]]]>
            </message>
            <full-stacktrace>
              <![CDATA[java.lang.AssertionError: expected [https://dsportalapp.herokuapp.com/home] but found [https://dsportalapp.herokuapp.com/register]
at org.testng.Assert.fail(Assert.java:111)
at org.testng.Assert.failNotEquals(Assert.java:1578)
at org.testng.Assert.assertEqualsImpl(Assert.java:150)
at org.testng.Assert.assertEquals(Assert.java:132)
at org.testng.Assert.assertEquals(Assert.java:656)
at org.testng.Assert.assertEquals(Assert.java:666)
at pageObject.RegisterPage.assertUrl(RegisterPage.java:144)
at defenitions.Register.navigates_to_home_page(Register.java:54)
at ✽.Navigates to home page(file:///C:/Manju/SDET/ds-algoproject/src/test/resources/features/register.feature:11)
]]>
            </full-stacktrace>
          </exception> <!-- java.lang.AssertionError -->
          <reporter-output>
          </reporter-output>
        </test-method> <!-- runScenario -->
        <test-method signature="runScenario(io.cucumber.testng.PickleWrapper,io.cucumber.testng.FeatureWrapper)[pri:0, instance:runner.TestRunner@50f6ac94]" started-at="2023-08-22T18:14:03 EDT" name="runScenario" description="Runs Cucumber Scenarios" data-provider="scenarios" finished-at="2023-08-22T18:14:08 EDT" duration-ms="5324" status="PASS">
          <params>
            <param index="0">
              <value>
                <![CDATA["User is not able to register into the dsportalapp"]]>
              </value>
            </param>
            <param index="1">
              <value>
                <![CDATA["Register User to dsportal app"]]>
              </value>
            </param>
          </params>
          <reporter-output>
          </reporter-output>
        </test-method> <!-- runScenario -->
        <test-method signature="runScenario(io.cucumber.testng.PickleWrapper,io.cucumber.testng.FeatureWrapper)[pri:0, instance:runner.TestRunner@50f6ac94]" started-at="2023-08-22T18:14:08 EDT" name="runScenario" description="Runs Cucumber Scenarios" data-provider="scenarios" finished-at="2023-08-22T18:14:11 EDT" duration-ms="2571" status="PASS">
          <params>
            <param index="0">
              <value>
                <![CDATA["Navigate to login page from Register page"]]>
              </value>
            </param>
            <param index="1">
              <value>
                <![CDATA["Register User to dsportal app"]]>
              </value>
            </param>
          </params>
          <reporter-output>
          </reporter-output>
        </test-method> <!-- runScenario -->
        <test-method signature="runScenario(io.cucumber.testng.PickleWrapper,io.cucumber.testng.FeatureWrapper)[pri:0, instance:runner.TestRunner@50f6ac94]" started-at="2023-08-22T18:14:11 EDT" name="runScenario" description="Runs Cucumber Scenarios" data-provider="scenarios" finished-at="2023-08-22T18:14:14 EDT" duration-ms="3653" status="PASS">
          <params>
            <param index="0">
              <value>
                <![CDATA["Signout validation"]]>
              </value>
            </param>
            <param index="1">
              <value>
                <![CDATA["Register User to dsportal app"]]>
              </value>
            </param>
          </params>
          <reporter-output>
          </reporter-output>
        </test-method> <!-- runScenario -->
        <test-method signature="runScenario(io.cucumber.testng.PickleWrapper,io.cucumber.testng.FeatureWrapper)[pri:0, instance:runner.TestRunner@50f6ac94]" started-at="2023-08-22T18:14:14 EDT" name="runScenario" description="Runs Cucumber Scenarios" data-provider="scenarios" finished-at="2023-08-22T18:14:17 EDT" duration-ms="2662" status="PASS">
          <params>
            <param index="0">
              <value>
                <![CDATA["User is able to navigate to Tree using dropdown option"]]>
              </value>
            </param>
            <param index="1">
              <value>
                <![CDATA["Tree Page"]]>
              </value>
            </param>
          </params>
          <reporter-output>
          </reporter-output>
        </test-method> <!-- runScenario -->
        <test-method signature="runScenario(io.cucumber.testng.PickleWrapper,io.cucumber.testng.FeatureWrapper)[pri:0, instance:runner.TestRunner@50f6ac94]" started-at="2023-08-22T18:14:17 EDT" name="runScenario" description="Runs Cucumber Scenarios" data-provider="scenarios" finished-at="2023-08-22T18:14:20 EDT" duration-ms="2558" status="PASS">
          <params>
            <param index="0">
              <value>
                <![CDATA["User is able to navigate to Tree using Get Strated option"]]>
              </value>
            </param>
            <param index="1">
              <value>
                <![CDATA["Tree Page"]]>
              </value>
            </param>
          </params>
          <reporter-output>
          </reporter-output>
        </test-method> <!-- runScenario -->
        <test-method signature="runScenario(io.cucumber.testng.PickleWrapper,io.cucumber.testng.FeatureWrapper)[pri:0, instance:runner.TestRunner@50f6ac94]" started-at="2023-08-22T18:14:20 EDT" name="runScenario" description="Runs Cucumber Scenarios" data-provider="scenarios" finished-at="2023-08-22T18:14:48 EDT" duration-ms="28813" status="PASS">
          <params>
            <param index="0">
              <value>
                <![CDATA["User is able to try code in Tree page"]]>
              </value>
            </param>
            <param index="1">
              <value>
                <![CDATA["Tree Page"]]>
              </value>
            </param>
          </params>
          <reporter-output>
          </reporter-output>
        </test-method> <!-- runScenario -->
        <test-method signature="runScenario(io.cucumber.testng.PickleWrapper,io.cucumber.testng.FeatureWrapper)[pri:0, instance:runner.TestRunner@50f6ac94]" started-at="2023-08-22T18:14:48 EDT" name="runScenario" description="Runs Cucumber Scenarios" data-provider="scenarios" finished-at="2023-08-22T18:14:51 EDT" duration-ms="2192" status="PASS">
          <params>
            <param index="0">
              <value>
                <![CDATA["User is able to practice questions in Tree page"]]>
              </value>
            </param>
            <param index="1">
              <value>
                <![CDATA["Tree Page"]]>
              </value>
            </param>
          </params>
          <reporter-output>
          </reporter-output>
        </test-method> <!-- runScenario -->
        <test-method is-config="true" signature="tearDownClass()[pri:0, instance:runner.TestRunner@50f6ac94]" started-at="2023-08-22T18:14:51 EDT" name="tearDownClass" finished-at="2023-08-22T18:14:55 EDT" duration-ms="4575" status="PASS">
          <reporter-output>
          </reporter-output>
        </test-method> <!-- tearDownClass -->
      </class> <!-- runner.TestRunner -->
    </test> <!-- Default test -->
  </suite> <!-- Default suite -->
</testng-results>
